2019-07-16 16:32:49.443 - [INFO] - undefined Connected to database !
2019-07-16 16:33:15.975 - [INFO] - undefined Connected to database !
2019-07-16 16:34:36.600 - [INFO] - [(undefined,undefined)] -  Connected to database !
2019-07-16 16:36:32.159 - [ERROR] - [(undefined,undefined)] -  uncaughtException: Cannot read property 'split' of undefined
  No stack trace
2019-07-16 16:37:41.961 - [ERROR] - [(undefined,undefined)] -  uncaughtException: Cannot read property 'split' of undefined
  No stack trace
2019-07-16 16:37:44.272 - [ERROR] - [(undefined,undefined)] -  uncaughtException: Cannot read property 'split' of undefined
  No stack trace
2019-07-16 16:37:50.640 - [ERROR] - [(undefined,undefined)] -  uncaughtException: Cannot read property 'split' of undefined
  No stack trace
2019-07-16 16:50:24.328 - [INFO] - [object Object] test
2019-07-16 16:51:21.303 - [INFO] - [object Object] test
2019-07-16 17:07:11.702 - [INFO] - undefined Connected to database !
2019-07-16 17:07:21.067 - [INFO] - undefined Connected to database !
2019-07-16 17:07:26.665 - [INFO] -  Object.Module._extensions..js (internal/modules/cjs/loader.js:712:10) Connected to database !
2019-07-16 17:08:00.517 - [INFO] - Object.Module._extensions..js (internal/modules/cjs/loader.js:712:10) Connected to database !
2019-07-16 17:08:07.777 - [INFO] - Module.load (internal/modules/cjs/loader.js:600:32) Connected to database !
2019-07-16 17:08:14.737 - [INFO] - getFileNameLineNumColNum (C:\Workspace\MyEnv\NodeJs\CRUD_Mysql\logs\winston.js:15:17) Connected to database !
2019-07-16 17:08:19.976 - [INFO] - Object.<anonymous> (C:\Workspace\MyEnv\NodeJs\CRUD_Mysql\logs\winston.js:94:24) Connected to database !
2019-07-16 17:08:23.840 - [INFO] - ror Connected to database !
2019-07-16 17:08:31.994 - [INFO] - getFileNameLineNumColNum (C:\Workspace\MyEnv\NodeJs\CRUD_Mysql\logs\winston.js:15:17) Connected to database !
2019-07-16 17:08:35.654 - [INFO] - ror Connected to database !
2019-07-16 17:08:44.954 - [INFO] - getFileNameLineNumColNum (C:\Workspace\MyEnv\NodeJs\CRUD_Mysql\logs\winston.js:15:17) Connected to database !
2019-07-16 17:08:47.887 - [INFO] - Object.<anonymous> (C:\Workspace\MyEnv\NodeJs\CRUD_Mysql\logs\winston.js:94:24) Connected to database !
2019-07-16 17:08:53.752 - [INFO] - Module._compile (internal/modules/cjs/loader.js:701:30) Connected to database !
2019-07-16 17:09:09.994 - [INFO] - r Connected to database !
2019-07-16 17:09:14.887 - [INFO] -  Connected to database !
2019-07-16 17:09:18.993 - [INFO] - Error Connected to database !
2019-07-16 17:09:44.593 - [INFO] - Error
    at getFileNameLineNumColNum (C:\Workspace\MyEnv\NodeJs\CRUD_Mysql\logs\winston.js:15:17)
    at Object.<anonymous> (C:\Workspace\MyEnv\NodeJs\CRUD_Mysql\logs\winston.js:91:24)
    at Module._compile (internal/modules/cjs/loader.js:701:30)
    at Object.Module._extensions..js (internal/modules/cjs/loader.js:712:10)
    at Module.load (internal/modules/cjs/loader.js:600:32)
    at tryModuleLoad (internal/modules/cjs/loader.js:539:12)
    at Function.Module._load (internal/modules/cjs/loader.js:531:3)
    at Module.require (internal/modules/cjs/loader.js:637:17)
    at require (internal/modules/cjs/helpers.js:22:18)
    at Object.<anonymous> (C:\Workspace\MyEnv\NodeJs\CRUD_Mysql\track\tracker.js:4:16) Connected to database !
2019-07-16 17:10:00.362 - [INFO] - Error
    at getFileNameLineNumColNum (C:\Workspace\MyEnv\NodeJs\CRUD_Mysql\logs\winston.js:15:17)
    at Object.<anonymous> (C:\Workspace\MyEnv\NodeJs\CRUD_Mysql\logs\winston.js:90:24)
    at Module._compile (internal/modules/cjs/loader.js:701:30)
    at Object.Module._extensions..js (internal/modules/cjs/loader.js:712:10)
    at Module.load (internal/modules/cjs/loader.js:600:32)
    at tryModuleLoad (internal/modules/cjs/loader.js:539:12)
    at Function.Module._load (internal/modules/cjs/loader.js:531:3)
    at Module.require (internal/modules/cjs/loader.js:637:17)
    at require (internal/modules/cjs/helpers.js:22:18)
    at Object.<anonymous> (C:\Workspace\MyEnv\NodeJs\CRUD_Mysql\track\tracker.js:4:16) Connected to database !
2019-07-16 17:11:22.077 - [INFO] - undefined test
2019-07-16 17:11:35.634 - [INFO] - Error
    at getFileNameLineNumColNum (C:\Workspace\MyEnv\NodeJs\CRUD_Mysql\logs\winston.js:15:17)
    at Object.<anonymous> (C:\Workspace\MyEnv\NodeJs\CRUD_Mysql\logs\winston.js:90:24)
    at Module._compile (internal/modules/cjs/loader.js:701:30)
    at Object.Module._extensions..js (internal/modules/cjs/loader.js:712:10)
    at Module.load (internal/modules/cjs/loader.js:600:32)
    at tryModuleLoad (internal/modules/cjs/loader.js:539:12)
    at Function.Module._load (internal/modules/cjs/loader.js:531:3)
    at Module.require (internal/modules/cjs/loader.js:637:17)
    at require (internal/modules/cjs/helpers.js:22:18)
    at Object.<anonymous> (C:\Workspace\MyEnv\NodeJs\CRUD_Mysql\logs\test.js:1:78) test
2019-07-16 17:12:47.948 - [INFO] - Error
    at getFileNameLineNumColNum (C:\Workspace\MyEnv\NodeJs\CRUD_Mysql\logs\winston.js:15:17)
    at Object.<anonymous> (C:\Workspace\MyEnv\NodeJs\CRUD_Mysql\logs\winston.js:90:24)
    at Module._compile (internal/modules/cjs/loader.js:701:30)
    at Object.Module._extensions..js (internal/modules/cjs/loader.js:712:10)
    at Module.load (internal/modules/cjs/loader.js:600:32)
    at tryModuleLoad (internal/modules/cjs/loader.js:539:12)
    at Function.Module._load (internal/modules/cjs/loader.js:531:3)
    at Module.require (internal/modules/cjs/loader.js:637:17)
    at require (internal/modules/cjs/helpers.js:22:18)
    at Object.<anonymous> (C:\Workspace\MyEnv\NodeJs\CRUD_Mysql\logs\test.js:1:78) test
2019-07-16 17:16:50.367 - [INFO] - getFileNameLineNumColNum (C:\Workspace\MyEnv\NodeJs\CRUD_Mysql\logs\winston.js:32:19),Object.<anonymous> (C:\Workspace\MyEnv\NodeJs\CRUD_Mysql\logs\winston.js:92:24),Module._compile (internal/modules/cjs/loader.js:701:30),Object.Module._extensions..js (internal/modules/cjs/loader.js:712:10),Module.load (internal/modules/cjs/loader.js:600:32),tryModuleLoad (internal/modules/cjs/loader.js:539:12),Function.Module._load (internal/modules/cjs/loader.js:531:3),Module.require (internal/modules/cjs/loader.js:637:17),require (internal/modules/cjs/helpers.js:22:18),Object.<anonymous> (C:\Workspace\MyEnv\NodeJs\CRUD_Mysql\logs\test.js:1:78) test
2019-07-16 17:18:23.005 - [INFO] - Error test
2019-07-16 17:19:48.794 - [INFO] - undefined test
2019-07-16 17:19:55.308 - [INFO] - Error,    at getFileNameLineNumColNum (C:\Workspace\MyEnv\NodeJs\CRUD_Mysql\logs\winston.js:15:17),    at Object.<anonymous> (C:\Workspace\MyEnv\NodeJs\CRUD_Mysql\logs\winston.js:95:24),    at Module._compile (internal/modules/cjs/loader.js:701:30),    at Object.Module._extensions..js (internal/modules/cjs/loader.js:712:10),    at Module.load (internal/modules/cjs/loader.js:600:32),    at tryModuleLoad (internal/modules/cjs/loader.js:539:12),    at Function.Module._load (internal/modules/cjs/loader.js:531:3),    at Module.require (internal/modules/cjs/loader.js:637:17),    at require (internal/modules/cjs/helpers.js:22:18),    at Object.<anonymous> (C:\Workspace\MyEnv\NodeJs\CRUD_Mysql\logs\test.js:1:78) test
2019-07-16 17:20:09.900 - [INFO] -     at Object.<anonymous> (C:\Workspace\MyEnv\NodeJs\CRUD_Mysql\logs\test.js:1:78) test
2019-07-16 17:20:25.287 - [INFO] -     at Object.<anonymous> (C:\Workspace\MyEnv\NodeJs\CRUD_Mysql\track\tracker.js:4:16) Connected to database !
2019-07-16 17:20:48.998 - [INFO] -     at require (internal/modules/cjs/helpers.js:22:18) Connected to database !
2019-07-16 17:21:21.450 - [INFO] - Error,    at getFileNameLineNumColNum (C:\Workspace\MyEnv\NodeJs\CRUD_Mysql\logs\winston.js:15:17),    at Object.<anonymous> (C:\Workspace\MyEnv\NodeJs\CRUD_Mysql\logs\winston.js:95:24),    at Module._compile (internal/modules/cjs/loader.js:701:30),    at Object.Module._extensions..js (internal/modules/cjs/loader.js:712:10),    at Module.load (internal/modules/cjs/loader.js:600:32),    at tryModuleLoad (internal/modules/cjs/loader.js:539:12),    at Function.Module._load (internal/modules/cjs/loader.js:531:3),    at Module.require (internal/modules/cjs/loader.js:637:17),    at require (internal/modules/cjs/helpers.js:22:18),    at Object.<anonymous> (C:\Workspace\MyEnv\NodeJs\CRUD_Mysql\track\tracker.js:4:16) Connected to database !
2019-07-16 17:22:31.276 - [INFO] - [logs\winston.js(95,24)] -  test
2019-07-16 17:22:44.855 - [INFO] - [logs\winston.js(37,19)] -  test
2019-07-16 17:24:39.607 - [INFO] - [logs\winston.js(94,24)] -  test
2019-07-16 17:25:52.406 - [INFO] - [logs\winston.js(119,24)] -  test
2019-07-16 17:26:10.746 - [INFO] - [logs\winston.js(119,24)] -  test
2019-07-16 17:26:18.458 - [INFO] - [logs\winston.js(119,24)] -  test
2019-07-16 17:26:27.084 - [INFO] - [logs\winston.js(119,24)] -  test
2019-07-16 17:26:59.603 - [INFO] - [object Object] test
2019-07-16 17:27:17.511 - [INFO] - Module._compile test
2019-07-16 17:27:29.284 - [INFO] - 701 test
2019-07-16 17:27:35.993 - [INFO] - 712 test
2019-07-16 17:27:41.045 - [INFO] - 600 test
2019-07-16 17:27:47.031 - [INFO] - 531 test
2019-07-16 17:27:52.517 - [INFO] - 539 test
2019-07-16 17:27:57.415 - [INFO] - 22 test
2019-07-16 17:28:10.887 - [INFO] - at require (internal/modules/cjs/helpers.js:22:18),require,internal/modules/cjs/helpers.js,22,18 test
2019-07-16 17:28:43.529 - [INFO] -     at Module._compile (internal/modules/cjs/loader.js:701:30),    at Object.Module._extensions..js (internal/modules/cjs/loader.js:712:10),    at Module.load (internal/modules/cjs/loader.js:600:32),    at tryModuleLoad (internal/modules/cjs/loader.js:539:12),    at Function.Module._load (internal/modules/cjs/loader.js:531:3),    at Module.require (internal/modules/cjs/loader.js:637:17),    at require (internal/modules/cjs/helpers.js:22:18),    at Object.<anonymous> (C:\Workspace\MyEnv\NodeJs\CRUD_Mysql\logs\test.js:1:78) test
2019-07-16 17:29:02.146 - [INFO] - undefined test
2019-07-16 17:29:09.735 - [INFO] -  test
2019-07-17 09:10:32.868 - [INFO] - [object Object] test
2019-07-17 09:10:52.448 - [INFO] - C:\Workspace\MyEnv\NodeJs\CRUD_Mysql\logs\test.js test
2019-07-17 09:13:34.500 - [INFO] - C:\Workspace\MyEnv\NodeJs\CRUD_Mysql\logs\test.js test
2019-07-17 09:13:51.223 - [INFO] - C:\Workspace\MyEnv\NodeJs\CRUD_Mysql\logs\test.js test
2019-07-17 09:16:39.728 - [INFO] - logs\test.js test
2019-07-17 09:17:32.801 - [INFO] - testt\test2.js test
2019-07-17 09:19:44.083 - [INFO] - testt\test2.js test
2019-07-17 09:20:00.740 - [INFO] - testt\test2.js test
2019-07-17 09:20:45.397 - [INFO] - testt\test2.js test
2019-07-17 09:21:34.232 - [INFO] - testt\test2.js test
2019-07-17 09:21:45.466 - [INFO] - testt\test2.js test
2019-07-17 09:27:40.833 - [INFO] - testt\test2.js test
2019-07-17 09:27:50.702 - [INFO] - testt\test2.js test
2019-07-17 09:28:25.584 - [INFO] - testt\test2.js test
2019-07-17 09:28:54.191 - [INFO] - logs\testt\test2.js test
2019-07-17 09:29:03.731 - [INFO] - logs\test.js test
2019-07-17 09:29:19.349 - [INFO] - [logs\test.js] test
2019-07-17 09:29:31.441 - [INFO] - (logs\test.js) test
2019-07-17 09:29:37.873 - [INFO] - (logs\test.js) -  test
2019-07-17 10:13:35.899 - [INFO] - (track\tracker.js) -  Connected to database !
2019-07-17 10:14:11.534 - [INFO] - (track\tracker.js) -  Connected to database !
2019-07-17 10:14:22.787 - [INFO] - (track\tracker.js) -  Connected to database !
2019-07-17 10:14:27.468 - [INFO] - (track\tracker.js) -  Connected to database !
[44m2019-07-17 10:14:45.268[49m - [INFO] - (track\tracker.js) -  Connected to database !
[34m2019-07-17 10:15:06.369[39m - [INFO] - (track\tracker.js) -  Connected to database !
[34m2019-07-17 10:15:20.511[39m - [INFO] - (track\tracker.js) -  Connected to database !
[34m2019-07-17 10:15:24.636[39m - [INFO] - (track\tracker.js) -  Connected to database !
[34m2019-07-17 10:15:30.462[39m - [undefined] - (track\tracker.js) -  Connected to database !
[34m2019-07-17 10:15:42.557[39m - [[35mINFO[39m] - (track\tracker.js) -  Connected to database !
[34m2019-07-17 10:15:55.816[39m - [[35mINFO[39m] - (track\tracker.js) - . Connected to database !
[34m2019-07-17 10:15:57.908[39m - [[35mINFO[39m] - (track\tracker.js) -  Connected to database !
[34m2019-07-17 10:16:02.199[39m - [[35mINFO[39m] - (track\tracker.js) -  Connected to database !
[34m2019-07-17 10:16:04.874[39m - [[35mINFO[39m] - ${label} ${message}
[34m2019-07-17 10:16:27.884[39m - [[35mINFO[39m] - [35m(track\tracker.js) - [39mConnected to database !
[34m2019-07-17 10:16:40.855[39m - [[35mINFO[39m] - (track\tracker.js) - Connected to database !
[34m2019-07-17 10:16:57.036[39m - [[35mINFO[39m] - ([35mtrack\tracker.js[39m) - Connected to database !
[34m2019-07-17 10:17:12.543[39m - [[35mINFO[39m] - (undefined) - Connected to database !
[34m2019-07-17 10:17:18.891[39m - [[35mINFO[39m] - ([31mtrack\tracker.js[39m) - Connected to database !
[34m2019-07-17 10:17:53.681[39m - [[1m[35mINFO[39m[22m] - ([31mtrack\tracker.js[39m) - Connected to database !
[34m2019-07-17 10:18:20.003[39m - [[4m[1m[35mINFO[39m[22m[24m] - ([31mtrack\tracker.js[39m) - Connected to database !
[34m2019-07-17 10:19:12.913[39m - [[4m[1m[35mINFO[39m[22m[24m] - (undefined) - Connected to database !
[34m2019-07-17 10:19:22.762[39m - [[4m[1m[35mINFO[39m[22m[24m] - ([33mtrack\tracker.js[39m) - Connected to database !
[34m2019-07-17 10:19:40.634[39m - [[4m[35mINFO[39m[24m] - ([33mtrack\tracker.js[39m) - Connected to database !
[34m2019-07-17 10:19:48.743[39m - [[4m[1m[35mINFO[39m[22m[24m] - ([33mtrack\tracker.js[39m) - Connected to database !
[34m2019-07-17 10:20:14.223[39m - [[4m[1m[35mINFO[39m[22m[24m] - ([33mtrack\tracker.js[39m) - undefined
[34m2019-07-17 10:20:17.049[39m - [[4m[1m[35mINFO[39m[22m[24m] - ([33mtrack\tracker.js[39m) - [32mConnected to database ![39m
[34m2019-07-17 10:20:18.830[39m - [[4m[1m[35mINFO[39m[22m[24m] - ([33mtrack\tracker.js[39m) - undefined
[34m2019-07-17 10:20:20.843[39m - [[4m[1m[35mINFO[39m[22m[24m] - ([33mtrack\tracker.js[39m) - [40m[32mConnected to database ![39m[49m
[34m2019-07-17 10:20:25.915[39m - [[4m[1m[35mINFO[39m[22m[24m] - ([33mtrack\tracker.js[39m) - undefined
[34m2019-07-17 10:20:33.202[39m - [[4m[1m[35mINFO[39m[22m[24m] - ([33mtrack\tracker.js[39m) - function big() { [native code] }
[34m2019-07-17 10:20:42.949[39m - [[4m[1m[35mINFO[39m[22m[24m] - ([33mtrack\tracker.js[39m) - [44m[32mConnected to database ![39m[49m
[34m2019-07-17 10:20:49.043[39m - [[4m[1m[35mINFO[39m[22m[24m] - ([33mtrack\tracker.js[39m) - undefined
[34m2019-07-17 10:20:55.724[39m - [[4m[1m[35mINFO[39m[22m[24m] - ([33mtrack\tracker.js[39m) - [46m[32mConnected to database ![39m[49m
[34m2019-07-17 10:21:00.464[39m - [[4m[1m[35mINFO[39m[22m[24m] - ([33mtrack\tracker.js[39m) - undefined
[34m2019-07-17 10:21:07.647[39m - [[4m[1m[35mINFO[39m[22m[24m] - ([33mtrack\tracker.js[39m) - [40m[32mConnected to database ![39m[49m
[34m2019-07-17 10:21:17.429[39m - [[4m[1m[35mINFO[39m[22m[24m] - ([33mtrack\tracker.js[39m) - [32mConnected to database ![39m
[34m2019-07-17 10:21:23.422[39m - [[4m[1m[35mINFO[39m[22m[24m] - ([33mtrack\tracker.js[39m) - [32mConnected to database ![39m
[34m2019-07-17 10:21:46.312[39m - [[4m[1m[35mINFO[39m[22m[24m] - ([33mtrack\tracker.js[39m) - [32mConnected to database ![39m
[34m2019-07-17 10:21:50.384[39m - [[4m[1m[35mINFO[39m[22m[24m] - ([33mtrack\tracker.js[39m) - [32m[31mConnected to database ![39m[39m
[34m2019-07-17 10:22:17.695[39m - [[4m[1m[35mINFO[39m[22m[24m] - ([33mtrack\tracker.js[39m) - [32mConnected to database ![39m
[34m2019-07-17 10:22:21.250[39m - [[4m[1m[35mINFO[39m[22m[24m] - ([33mtrack\tracker.js[39m) - [32mConnected to database ![39m
[34m2019-07-17 10:23:50.108[39m - [[4m[1m[35mERROR[39m[22m[24m] - ([33mtrack\tracker.js[39m) - [32muncaughtException: g_db is not defined
ReferenceError: g_db is not defined
    at new Tracker (C:\Workspace\MyEnv\NodeJs\CRUD_Mysql\track\tracker.js:72:9)
    at Object.<anonymous> (C:\Workspace\MyEnv\NodeJs\CRUD_Mysql\track\tracker.js:395:18)
    at Module._compile (internal/modules/cjs/loader.js:701:30)
    at Object.Module._extensions..js (internal/modules/cjs/loader.js:712:10)
    at Module.load (internal/modules/cjs/loader.js:600:32)
    at tryModuleLoad (internal/modules/cjs/loader.js:539:12)
    at Function.Module._load (internal/modules/cjs/loader.js:531:3)
    at Module.require (internal/modules/cjs/loader.js:637:17)
    at require (internal/modules/cjs/helpers.js:22:18)
    at Object.<anonymous> (C:\Workspace\MyEnv\NodeJs\CRUD_Mysql\app.js:9:17)
    at Module._compile (internal/modules/cjs/loader.js:701:30)
    at Object.Module._extensions..js (internal/modules/cjs/loader.js:712:10)
    at Module.load (internal/modules/cjs/loader.js:600:32)
    at tryModuleLoad (internal/modules/cjs/loader.js:539:12)
    at Function.Module._load (internal/modules/cjs/loader.js:531:3)
    at Module.require (internal/modules/cjs/loader.js:637:17)[39m
[34m2019-07-17 10:24:22.723[39m - [[4m[1m[35mINFO[39m[22m[24m] - ([33mtrack\tracker.js[39m) - [32mConnected to database ![39m
[34m2019-07-17 10:24:28.702[39m - [[4m[1m[35mINFO[39m[22m[24m] - ([33mtrack\tracker.js[39m) - [32mConnected to database ![39m
[34m2019-07-17 10:24:31.458[39m - [[4m[1m[35mINFO[39m[22m[24m] - ([33mtrack\tracker.js[39m) - [32mConnected to database ![39m
[34m2019-07-17 10:24:36.531[39m - [[4m[1m[35mINFO[39m[22m[24m] - ([33mtrack\tracker.js[39m) - [32mConnected to database ![39m
[34m2019-07-17 10:24:40.185[39m - [[4m[1m[35mINFO[39m[22m[24m] - ([33mtrack\tracker.js[39m) - [32mConnected to database ![39m
[34m2019-07-17 10:24:44.598[39m - [[4m[1m[35mINFO[39m[22m[24m] - ([33mtrack\tracker.js[39m) - [32mConnected to database ![39m
[34m2019-07-17 10:24:46.902[39m - [[4m[1m[35mINFO[39m[22m[24m] - ([33mtrack\tracker.js[39m) - [32mConnected to database ![39m
[34m2019-07-17 10:25:00.642[39m - [[4m[1m[35mERROR[39m[22m[24m] - ([33mtrack\tracker.js[39m) - [32m[31mg_db is undefined[39m[39m
[34m2019-07-17 10:25:00.656[39m - [[4m[1m[35mERROR[39m[22m[24m] - ([33mtrack\tracker.js[39m) - [32muncaughtException: Could not set db attribute as g_db is undefined
TypeError: Could not set db attribute as g_db is undefined
    at new Tracker (C:\Workspace\MyEnv\NodeJs\CRUD_Mysql\track\tracker.js:81:19)
    at Object.<anonymous> (C:\Workspace\MyEnv\NodeJs\CRUD_Mysql\track\tracker.js:397:18)
    at Module._compile (internal/modules/cjs/loader.js:701:30)
    at Object.Module._extensions..js (internal/modules/cjs/loader.js:712:10)
    at Module.load (internal/modules/cjs/loader.js:600:32)
    at tryModuleLoad (internal/modules/cjs/loader.js:539:12)
    at Function.Module._load (internal/modules/cjs/loader.js:531:3)
    at Module.require (internal/modules/cjs/loader.js:637:17)
    at require (internal/modules/cjs/helpers.js:22:18)
    at Object.<anonymous> (C:\Workspace\MyEnv\NodeJs\CRUD_Mysql\app.js:9:17)
    at Module._compile (internal/modules/cjs/loader.js:701:30)
    at Object.Module._extensions..js (internal/modules/cjs/loader.js:712:10)
    at Module.load (internal/modules/cjs/loader.js:600:32)
    at tryModuleLoad (internal/modules/cjs/loader.js:539:12)
    at Function.Module._load (internal/modules/cjs/loader.js:531:3)
    at Module.require (internal/modules/cjs/loader.js:637:17)[39m
[34m2019-07-17 10:25:38.926[39m - [[4m[1m[35mINFO[39m[22m[24m] - ([33mtrack\tracker.js[39m) - [32mConnected to database ![39m
[34m2019-07-17 10:26:55.032[39m - [[4m[1m[35mINFO[39m[22m[24m] - ([33mtrack\tracker.js[39m) - [32mConnected to database ![39m
[34m2019-07-17 10:26:57.486[39m - [[4m[1m[35mINFO[39m[22m[24m] - ([33mtrack\tracker.js[39m) - [32mConnected to database ![39m
[34m2019-07-17 10:27:06.560[39m - [[4m[1m[35mINFO[39m[22m[24m] - ([33mtrack\tracker.js[39m) - [32mConnected to database ![39m
[34m2019-07-17 10:27:08.486[39m - [[4m[1m[35mINFO[39m[22m[24m] - ([33mtrack\tracker.js[39m) - [32mConnected to database ![39m
[34m2019-07-17 10:27:09.798[39m - [[4m[1m[35mINFO[39m[22m[24m] - ([33mtrack\tracker.js[39m) - [32mConnected to database ![39m
[34m2019-07-17 10:27:24.002[39m - [[4m[1m[35mINFO[39m[22m[24m] - ([33mtrack\tracker.js[39m) - [32mConnected to database ![39m
[34m2019-07-17 10:27:31.309[39m - [[4m[1m[35mINFO[39m[22m[24m] - ([33mtrack\tracker.js[39m) - [32mConnected to database ![39m
[34m2019-07-17 10:27:33.071[39m - [[4m[1m[35mINFO[39m[22m[24m] - ([33mtrack\tracker.js[39m) - [32mConnected to database ![39m
[34m2019-07-17 10:27:34.163[39m - [[4m[1m[35mERROR[39m[22m[24m] - ([33mtrack\tracker.js[39m) - [32muncaughtException: Tracker is not defined
ReferenceError: Tracker is not defined
    at Object.<anonymous> (C:\Workspace\MyEnv\NodeJs\CRUD_Mysql\track\tracker.js:398:22)
    at Module._compile (internal/modules/cjs/loader.js:701:30)
    at Object.Module._extensions..js (internal/modules/cjs/loader.js:712:10)
    at Module.load (internal/modules/cjs/loader.js:600:32)
    at tryModuleLoad (internal/modules/cjs/loader.js:539:12)
    at Function.Module._load (internal/modules/cjs/loader.js:531:3)
    at Module.require (internal/modules/cjs/loader.js:637:17)
    at require (internal/modules/cjs/helpers.js:22:18)
    at Object.<anonymous> (C:\Workspace\MyEnv\NodeJs\CRUD_Mysql\app.js:9:17)
    at Module._compile (internal/modules/cjs/loader.js:701:30)
    at Object.Module._extensions..js (internal/modules/cjs/loader.js:712:10)
    at Module.load (internal/modules/cjs/loader.js:600:32)
    at tryModuleLoad (internal/modules/cjs/loader.js:539:12)
    at Function.Module._load (internal/modules/cjs/loader.js:531:3)
    at Module.require (internal/modules/cjs/loader.js:637:17)
    at require (internal/modules/cjs/helpers.js:22:18)[39m
[34m2019-07-17 10:27:36.159[39m - [[4m[1m[35mERROR[39m[22m[24m] - ([33mtrack\tracker.js[39m) - [32m[31mg_db is undefined[39m[39m
[34m2019-07-17 10:27:36.174[39m - [[4m[1m[35mERROR[39m[22m[24m] - ([33mtrack\tracker.js[39m) - [32muncaughtException: [31mCould not set db attribute as g_db is undefined[39m
TypeError: [31mCould not set db attribute as g_db is undefined[39m
    at new Tracker (C:\Workspace\MyEnv\NodeJs\CRUD_Mysql\track\tracker.js:68:19)
    at Object.<anonymous> (C:\Workspace\MyEnv\NodeJs\CRUD_Mysql\track\tracker.js:398:18)
    at Module._compile (internal/modules/cjs/loader.js:701:30)
    at Object.Module._extensions..js (internal/modules/cjs/loader.js:712:10)
    at Module.load (internal/modules/cjs/loader.js:600:32)
    at tryModuleLoad (internal/modules/cjs/loader.js:539:12)
    at Function.Module._load (internal/modules/cjs/loader.js:531:3)
    at Module.require (internal/modules/cjs/loader.js:637:17)
    at require (internal/modules/cjs/helpers.js:22:18)
    at Object.<anonymous> (C:\Workspace\MyEnv\NodeJs\CRUD_Mysql\app.js:9:17)
    at Module._compile (internal/modules/cjs/loader.js:701:30)
    at Object.Module._extensions..js (internal/modules/cjs/loader.js:712:10)
    at Module.load (internal/modules/cjs/loader.js:600:32)
    at tryModuleLoad (internal/modules/cjs/loader.js:539:12)
    at Function.Module._load (internal/modules/cjs/loader.js:531:3)
    at Module.require (internal/modules/cjs/loader.js:637:17)[39m
[34m2019-07-17 10:28:12.137[39m - [[4m[1m[35mINFO[39m[22m[24m] - ([33mtrack\tracker.js[39m) - [32mConnected to database ![39m
[34m2019-07-17 10:28:34.591[39m - [[4m[1m[35mINFO[39m[22m[24m] - ([33mtrack\tracker.js[39m) - [32mConnected to database ![39m
[34m2019-07-17 10:28:36.561[39m - [[4m[1m[35mINFO[39m[22m[24m] - ([33mtrack\tracker.js[39m) - [32mConnected to database ![39m
[34m2019-07-17 10:28:38.107[39m - [[4m[1m[35mINFO[39m[22m[24m] - ([33mtrack\tracker.js[39m) - [32mConnected to database ![39m
[34m2019-07-17 10:28:46.458[39m - [[4m[1m[35mINFO[39m[22m[24m] - ([33mtrack\tracker.js[39m) - [32mConnected to database ![39m
[34m2019-07-17 10:29:05.924[39m - [[4m[1m[35mINFO[39m[22m[24m] - ([33mtrack\tracker.js[39m) - [32mConnected to database ![39m
[34m2019-07-17 10:29:11.882[39m - [[4m[1m[35mINFO[39m[22m[24m] - ([33mtrack\tracker.js[39m) - [32mConnected to database ![39m
[34m2019-07-17 10:29:15.415[39m - [[4m[1m[35mINFO[39m[22m[24m] - ([33mtrack\tracker.js[39m) - [32mConnected to database ![39m
[34m2019-07-17 10:29:24.767[39m - [[4m[1m[35mINFO[39m[22m[24m] - ([33mtrack\tracker.js[39m) - [32mConnected to database ![39m
[34m2019-07-17 10:29:50.839[39m - [[4m[1m[35mINFO[39m[22m[24m] - ([33mtrack\tracker.js[39m) - [32mConnected to database ![39m
[34m2019-07-17 10:29:56.580[39m - [[4m[1m[35mINFO[39m[22m[24m] - ([33mtrack\tracker.js[39m) - [32mConnected to database ![39m
[34m2019-07-17 10:30:05.790[39m - [[4m[1m[35mINFO[39m[22m[24m] - ([33mtrack\tracker.js[39m) - [32mConnected to database ![39m
[34m2019-07-17 10:30:08.457[39m - [[4m[1m[35mINFO[39m[22m[24m] - ([33mtrack\tracker.js[39m) - [32mConnected to database ![39m
[34m2019-07-17 10:30:09.488[39m - [[4m[1m[35mINFO[39m[22m[24m] - ([33mtrack\tracker.js[39m) - [32mConnected to database ![39m
[34m2019-07-17 10:30:28.456[39m - [[4m[1m[35mINFO[39m[22m[24m] - ([33mtrack\tracker.js[39m) - [32mConnected to database ![39m
[34m2019-07-17 10:30:35.887[39m - [[4m[1m[35mINFO[39m[22m[24m] - ([33mtrack\tracker.js[39m) - [32mConnected to database ![39m
[34m2019-07-17 10:30:44.977[39m - [[4m[1m[35mINFO[39m[22m[24m] - ([33mtrack\tracker.js[39m) - [32mConnected to database ![39m
[34m2019-07-17 10:30:56.332[39m - [[4m[1m[35mINFO[39m[22m[24m] - ([33mtrack\tracker.js[39m) - [32mConnected to database ![39m
[34m2019-07-17 10:31:39.389[39m - [[4m[1m[35mINFO[39m[22m[24m] - ([33mtrack\tracker.js[39m) - [32mConnected to database ![39m
[34m2019-07-17 10:32:05.273[39m - [[4m[1m[35mINFO[39m[22m[24m] - ([33mtrack\tracker.js[39m) - [32mConnected to database ![39m
[34m2019-07-17 10:32:36.056[39m - [[4m[1m[35mINFO[39m[22m[24m] - ([33mtrack\tracker.js[39m) - [32mConnected to database ![39m
[34m2019-07-17 10:32:39.328[39m - [[4m[1m[35mINFO[39m[22m[24m] - ([33mtrack\tracker.js[39m) - [32mConnected to database ![39m
[34m2019-07-17 10:32:58.653[39m - [[4m[1m[35mINFO[39m[22m[24m] - ([33mtrack\tracker.js[39m) - [32mConnected to database ![39m
[34m2019-07-17 10:32:59.848[39m - [[4m[1m[35mINFO[39m[22m[24m] - ([33mtrack\tracker.js[39m) - [32mConnected to database ![39m
[34m2019-07-17 10:33:06.638[39m - [[4m[1m[35mINFO[39m[22m[24m] - ([33mtrack\tracker.js[39m) - [32mConnected to database ![39m
[34m2019-07-17 10:33:08.989[39m - [[4m[1m[35mINFO[39m[22m[24m] - ([33mtrack\tracker.js[39m) - [32mConnected to database ![39m
[34m2019-07-17 10:33:14.792[39m - [[4m[1m[35mINFO[39m[22m[24m] - ([33mtrack\tracker.js[39m) - [32mConnected to database ![39m
[34m2019-07-17 10:33:17.171[39m - [[4m[1m[35mINFO[39m[22m[24m] - ([33mtrack\tracker.js[39m) - [32mConnected to database ![39m
[34m2019-07-17 10:33:45.691[39m - [[4m[1m[35mINFO[39m[22m[24m] - ([33mtrack\tracker.js[39m) - [32mConnected to database ![39m
[34m2019-07-17 10:33:51.341[39m - [[4m[1m[35mINFO[39m[22m[24m] - ([33mtrack\tracker.js[39m) - [32mConnected to database ![39m
[34m2019-07-17 10:33:53.265[39m - [[4m[1m[35mINFO[39m[22m[24m] - ([33mtrack\tracker.js[39m) - [32mConnected to database ![39m
[34m2019-07-17 10:33:54.382[39m - [[4m[1m[35mINFO[39m[22m[24m] - ([33mtrack\tracker.js[39m) - [32mConnected to database ![39m
[34m2019-07-17 10:34:01.575[39m - [[4m[1m[35mINFO[39m[22m[24m] - ([33mtrack\tracker.js[39m) - [32mConnected to database ![39m
[34m2019-07-17 10:34:24.236[39m - [[4m[1m[35mINFO[39m[22m[24m] - ([33mtrack\tracker.js[39m) - [32mConnected to database ![39m
[34m2019-07-17 10:34:31.104[39m - [[4m[1m[35mINFO[39m[22m[24m] - ([33mtrack\tracker.js[39m) - [32mConnected to database ![39m
[34m2019-07-17 10:34:39.839[39m - [[4m[1m[35mINFO[39m[22m[24m] - ([33mtrack\tracker.js[39m) - [32mConnected to database ![39m
[34m2019-07-17 10:34:44.000[39m - [[4m[1m[35mINFO[39m[22m[24m] - ([33mtrack\tracker.js[39m) - [32mConnected to database ![39m
[34m2019-07-17 10:34:53.731[39m - [[4m[1m[35mINFO[39m[22m[24m] - ([33mtrack\tracker.js[39m) - [32mConnected to database ![39m
[34m2019-07-17 10:35:22.572[39m - [[4m[1m[35mINFO[39m[22m[24m] - ([33mtrack\tracker.js[39m) - [32mConnected to database ![39m
[34m2019-07-17 10:35:27.921[39m - [[4m[1m[35mINFO[39m[22m[24m] - ([33mtrack\tracker.js[39m) - [32mConnected to database ![39m
[34m2019-07-17 10:35:41.118[39m - [[4m[1m[35mINFO[39m[22m[24m] - ([33mtrack\tracker.js[39m) - [32mConnected to database ![39m
[34m2019-07-17 10:35:53.113[39m - [[4m[1m[35mINFO[39m[22m[24m] - ([33mtrack\tracker.js[39m) - [32mConnected to database ![39m
[34m2019-07-17 10:36:43.839[39m - [[4m[1m[35mINFO[39m[22m[24m] - ([33mtrack\tracker.js[39m) - [32mConnected to database ![39m
[34m2019-07-17 10:37:07.832[39m - [[4m[1m[35mINFO[39m[22m[24m] - ([33mtrack\tracker.js[39m) - [32mConnected to database ![39m
[34m2019-07-17 10:37:16.974[39m - [[4m[1m[35mINFO[39m[22m[24m] - ([33mtrack\tracker.js[39m) - [32mConnected to database ![39m
[34m2019-07-17 10:37:26.252[39m - [[4m[1m[35mINFO[39m[22m[24m] - ([33mtrack\tracker.js[39m) - [32mConnected to database ![39m
[34m2019-07-17 10:37:32.774[39m - [[4m[1m[35mINFO[39m[22m[24m] - ([33mtrack\tracker.js[39m) - [32mConnected to database ![39m
[34m2019-07-17 10:37:39.964[39m - [[4m[1m[35mINFO[39m[22m[24m] - ([33mtrack\tracker.js[39m) - [32mConnected to database ![39m
[34m2019-07-17 10:37:50.762[39m - [[4m[1m[35mINFO[39m[22m[24m] - ([33mtrack\tracker.js[39m) - [32mConnected to database ![39m
[34m2019-07-17 10:37:55.054[39m - [[4m[1m[35mINFO[39m[22m[24m] - ([33mtrack\tracker.js[39m) - [32mConnected to database ![39m
[34m2019-07-17 10:37:58.433[39m - [[4m[1m[35mINFO[39m[22m[24m] - ([33mtrack\tracker.js[39m) - [32mConnected to database ![39m
[34m2019-07-17 10:38:04.076[39m - [[4m[1m[35mINFO[39m[22m[24m] - ([33mtrack\tracker.js[39m) - [32mConnected to database ![39m
[34m2019-07-17 10:38:05.689[39m - [[4m[1m[35mINFO[39m[22m[24m] - ([33mtrack\tracker.js[39m) - [32mConnected to database ![39m
[34m2019-07-17 10:38:08.241[39m - [[4m[1m[35mINFO[39m[22m[24m] - ([33mtrack\tracker.js[39m) - [32mConnected to database ![39m
[34m2019-07-17 10:38:18.283[39m - [[4m[1m[35mINFO[39m[22m[24m] - ([33mtrack\tracker.js[39m) - [32mConnected to database ![39m
[34m2019-07-17 10:38:25.755[39m - [[4m[1m[35mINFO[39m[22m[24m] - ([33mtrack\tracker.js[39m) - [32mConnected to database ![39m
[34m2019-07-17 10:38:51.691[39m - [[4m[1m[35mINFO[39m[22m[24m] - ([33mtrack\tracker.js[39m) - [32mConnected to database ![39m
[34m2019-07-17 10:39:01.392[39m - [[4m[1m[35mINFO[39m[22m[24m] - ([33mtrack\tracker.js[39m) - [32mConnected to database ![39m
[34m2019-07-17 10:39:08.440[39m - [[4m[1m[35mINFO[39m[22m[24m] - ([33mtrack\tracker.js[39m) - [32mConnected to database ![39m
[34m2019-07-17 10:39:10.394[39m - [[4m[1m[35mINFO[39m[22m[24m] - ([33mtrack\tracker.js[39m) - [32mConnected to database ![39m
[34m2019-07-17 10:39:12.156[39m - [[4m[1m[35mINFO[39m[22m[24m] - ([33mtrack\tracker.js[39m) - [32mConnected to database ![39m
[34m2019-07-17 10:39:15.081[39m - [[4m[1m[35mINFO[39m[22m[24m] - ([33mtrack\tracker.js[39m) - [32mConnected to database ![39m
[34m2019-07-17 10:39:16.481[39m - [[4m[1m[35mINFO[39m[22m[24m] - ([33mtrack\tracker.js[39m) - [32mConnected to database ![39m
[34m2019-07-17 10:39:21.026[39m - [[4m[1m[35mINFO[39m[22m[24m] - ([33mtrack\tracker.js[39m) - [32mConnected to database ![39m
[34m2019-07-17 10:39:49.432[39m - [[4m[1m[35mINFO[39m[22m[24m] - ([33mtrack\tracker.js[39m) - [32mConnected to database ![39m
[34m2019-07-17 10:39:50.898[39m - [[4m[1m[35mINFO[39m[22m[24m] - ([33mtrack\tracker.js[39m) - [32mConnected to database ![39m
[34m2019-07-17 10:39:54.253[39m - [[4m[1m[35mINFO[39m[22m[24m] - ([33mtrack\tracker.js[39m) - [32mConnected to database ![39m
[34m2019-07-17 10:40:03.851[39m - [[4m[1m[35mINFO[39m[22m[24m] - ([33mtrack\tracker.js[39m) - [32mConnected to database ![39m
[34m2019-07-17 10:40:26.623[39m - [[4m[1m[35mINFO[39m[22m[24m] - ([33mtrack\tracker.js[39m) - [32mConnected to database ![39m
[34m2019-07-17 10:40:37.462[39m - [[4m[1m[35mINFO[39m[22m[24m] - ([33mtrack\tracker.js[39m) - [32mConnected to database ![39m
[34m2019-07-17 10:40:47.285[39m - [[4m[1m[35mINFO[39m[22m[24m] - ([33mtrack\tracker.js[39m) - [32mConnected to database ![39m
[34m2019-07-17 10:40:50.514[39m - [[4m[1m[35mINFO[39m[22m[24m] - ([33mtrack\tracker.js[39m) - [32mConnected to database ![39m
[34m2019-07-17 10:40:54.139[39m - [[4m[1m[35mINFO[39m[22m[24m] - ([33mtrack\tracker.js[39m) - [32mConnected to database ![39m
[34m2019-07-17 11:01:28.512[39m - [[4m[1m[35mINFO[39m[22m[24m] - ([33mtrack\tracker.js[39m) - [32mConnected to database ![39m
[34m2019-07-17 11:01:30.557[39m - [[4m[1m[35mINFO[39m[22m[24m] - ([33mtrack\tracker.js[39m) - [32mConnected to database ![39m
[34m2019-07-17 11:01:31.850[39m - [[4m[1m[35mINFO[39m[22m[24m] - ([33mtrack\tracker.js[39m) - [32mConnected to database ![39m
[34m2019-07-17 11:01:33.920[39m - [[4m[1m[35mINFO[39m[22m[24m] - ([33mtrack\tracker.js[39m) - [32mConnected to database ![39m
[34m2019-07-17 11:01:42.177[39m - [[4m[1m[35mINFO[39m[22m[24m] - ([33mtrack\tracker.js[39m) - [32mConnected to database ![39m
[34m2019-07-17 11:01:43.891[39m - [[4m[1m[35mINFO[39m[22m[24m] - ([33mtrack\tracker.js[39m) - [32mConnected to database ![39m
[34m2019-07-17 11:01:45.128[39m - [[4m[1m[35mINFO[39m[22m[24m] - ([33mtrack\tracker.js[39m) - [32mConnected to database ![39m
[34m2019-07-17 11:01:49.343[39m - [[4m[1m[35mINFO[39m[22m[24m] - ([33mtrack\tracker.js[39m) - [32mConnected to database ![39m
[34m2019-07-17 11:01:54.223[39m - [[4m[1m[35mINFO[39m[22m[24m] - ([33mtrack\tracker.js[39m) - [32mConnected to database ![39m
[34m2019-07-17 11:01:56.775[39m - [[4m[1m[35mINFO[39m[22m[24m] - ([33mtrack\tracker.js[39m) - [32mConnected to database ![39m
[34m2019-07-17 11:01:58.345[39m - [[4m[1m[35mINFO[39m[22m[24m] - ([33mtrack\tracker.js[39m) - [32mConnected to database ![39m
[34m2019-07-17 11:02:55.865[39m - [[4m[1m[35mINFO[39m[22m[24m] - ([33mtrack\tracker.js[39m) - [32mConnected to database ![39m
[34m2019-07-17 11:02:59.012[39m - [[4m[1m[35mINFO[39m[22m[24m] - ([33mtrack\tracker.js[39m) - [32mConnected to database ![39m
[34m2019-07-17 11:03:04.139[39m - [[4m[1m[35mINFO[39m[22m[24m] - ([33mtrack\tracker.js[39m) - [32mConnected to database ![39m
[34m2019-07-17 11:03:12.200[39m - [[4m[1m[35mINFO[39m[22m[24m] - ([33mtrack\tracker.js[39m) - [32mConnected to database ![39m
[34m2019-07-17 11:03:21.969[39m - [[4m[1m[35mINFO[39m[22m[24m] - ([33mtrack\tracker.js[39m) - [32mConnected to database ![39m
[34m2019-07-17 11:03:25.504[39m - [[4m[1m[35mINFO[39m[22m[24m] - ([33mtrack\tracker.js[39m) - [32mConnected to database ![39m
[34m2019-07-17 11:03:27.010[39m - [[4m[1m[35mINFO[39m[22m[24m] - ([33mtrack\tracker.js[39m) - [32mConnected to database ![39m
[34m2019-07-17 11:03:29.944[39m - [[4m[1m[35mINFO[39m[22m[24m] - ([33mtrack\tracker.js[39m) - [32mConnected to database ![39m
[34m2019-07-17 11:03:33.070[39m - [[4m[1m[35mINFO[39m[22m[24m] - ([33mtrack\tracker.js[39m) - [32mConnected to database ![39m
[34m2019-07-17 11:03:58.154[39m - [[4m[1m[35mINFO[39m[22m[24m] - ([33mtrack\tracker.js[39m) - [32mConnected to database ![39m
[34m2019-07-17 11:04:04.683[39m - [[4m[1m[35mINFO[39m[22m[24m] - ([33mtrack\tracker.js[39m) - [32mConnected to database ![39m
[34m2019-07-17 11:04:10.638[39m - [[4m[1m[35mINFO[39m[22m[24m] - ([33mtrack\tracker.js[39m) - [32mConnected to database ![39m
[34m2019-07-17 11:04:16.874[39m - [[4m[1m[35mINFO[39m[22m[24m] - ([33mtrack\tracker.js[39m) - [32mConnected to database ![39m
[34m2019-07-17 11:04:18.854[39m - [[4m[1m[35mINFO[39m[22m[24m] - ([33mtrack\tracker.js[39m) - [32mConnected to database ![39m
[34m2019-07-17 11:05:01.950[39m - [[4m[1m[35mINFO[39m[22m[24m] - ([33mtrack\tracker.js[39m) - [32mConnected to database ![39m
[34m2019-07-17 11:05:09.616[39m - [[4m[1m[35mINFO[39m[22m[24m] - ([33mtrack\tracker.js[39m) - [32mConnected to database ![39m
[34m2019-07-17 11:05:16.309[39m - [[4m[1m[35mINFO[39m[22m[24m] - ([33mtrack\tracker.js[39m) - [32mConnected to database ![39m
[34m2019-07-17 11:05:28.825[39m - [[4m[1m[35mINFO[39m[22m[24m] - ([33mtrack\tracker.js[39m) - [32mConnected to database ![39m
[34m2019-07-17 11:05:32.602[39m - [[4m[1m[35mINFO[39m[22m[24m] - ([33mtrack\tracker.js[39m) - [32mConnected to database ![39m
[34m2019-07-17 11:05:38.587[39m - [[4m[1m[35mINFO[39m[22m[24m] - ([33mtrack\tracker.js[39m) - [32mConnected to database ![39m
[34m2019-07-17 11:05:41.286[39m - [[4m[1m[35mINFO[39m[22m[24m] - ([33mtrack\tracker.js[39m) - [32mConnected to database ![39m
[34m2019-07-17 11:05:47.699[39m - [[4m[1m[35mINFO[39m[22m[24m] - ([33mtrack\tracker.js[39m) - [32mConnected to database ![39m
[34m2019-07-17 11:05:56.774[39m - [[4m[1m[35mINFO[39m[22m[24m] - ([33mtrack\tracker.js[39m) - [32mConnected to database ![39m
[34m2019-07-17 11:06:17.152[39m - [[4m[1m[35mINFO[39m[22m[24m] - ([33mtrack\tracker.js[39m) - [32mConnected to database ![39m
[34m2019-07-17 11:06:33.509[39m - [[4m[1m[35mINFO[39m[22m[24m] - ([33mtrack\tracker.js[39m) - [32mConnected to database ![39m
[34m2019-07-17 11:06:49.939[39m - [[4m[1m[35mINFO[39m[22m[24m] - ([33mtrack\tracker.js[39m) - [32mConnected to database ![39m
[34m2019-07-17 11:07:01.404[39m - [[4m[1m[35mINFO[39m[22m[24m] - ([33mtrack\tracker.js[39m) - [32mConnected to database ![39m
[34m2019-07-17 11:07:04.836[39m - [[4m[1m[35mINFO[39m[22m[24m] - ([33mtrack\tracker.js[39m) - [32mConnected to database ![39m
[34m2019-07-17 11:07:06.424[39m - [[4m[1m[35mINFO[39m[22m[24m] - ([33mtrack\tracker.js[39m) - [32mConnected to database ![39m
[34m2019-07-17 11:07:08.789[39m - [[4m[1m[35mINFO[39m[22m[24m] - ([33mtrack\tracker.js[39m) - [32mConnected to database ![39m
[34m2019-07-17 11:07:32.187[39m - [[4m[1m[35mINFO[39m[22m[24m] - ([33mtrack\tracker.js[39m) - [32mConnected to database ![39m
[34m2019-07-17 11:07:35.140[39m - [[4m[1m[35mINFO[39m[22m[24m] - ([33mtrack\tracker.js[39m) - [32mConnected to database ![39m
[34m2019-07-17 11:07:44.453[39m - [[4m[1m[35mINFO[39m[22m[24m] - ([33mtrack\tracker.js[39m) - [32mConnected to database ![39m
[34m2019-07-17 11:07:45.994[39m - [[4m[1m[35mINFO[39m[22m[24m] - ([33mtrack\tracker.js[39m) - [32mConnected to database ![39m
[34m2019-07-17 11:08:35.757[39m - [[4m[1m[35mINFO[39m[22m[24m] - ([33mtrack\tracker.js[39m) - [32mConnected to database ![39m
[34m2019-07-17 11:08:45.134[39m - [[4m[1m[35mINFO[39m[22m[24m] - ([33mtrack\tracker.js[39m) - [32mConnected to database ![39m
[34m2019-07-17 11:08:49.589[39m - [[4m[1m[35mINFO[39m[22m[24m] - ([33mtrack\tracker.js[39m) - [32mConnected to database ![39m
[34m2019-07-17 11:08:53.854[39m - [[4m[1m[35mINFO[39m[22m[24m] - ([33mtrack\tracker.js[39m) - [32mConnected to database ![39m
[34m2019-07-17 11:08:56.633[39m - [[4m[1m[35mINFO[39m[22m[24m] - ([33mtrack\tracker.js[39m) - [32mConnected to database ![39m
[34m2019-07-17 11:08:59.952[39m - [[4m[1m[35mINFO[39m[22m[24m] - ([33mtrack\tracker.js[39m) - [32mConnected to database ![39m
[34m2019-07-17 11:09:15.245[39m - [[4m[1m[35mINFO[39m[22m[24m] - ([33mtrack\tracker.js[39m) - [32mConnected to database ![39m
[34m2019-07-17 11:09:16.830[39m - [[4m[1m[35mINFO[39m[22m[24m] - ([33mtrack\tracker.js[39m) - [32mConnected to database ![39m
[34m2019-07-17 11:09:18.078[39m - [[4m[1m[35mINFO[39m[22m[24m] - ([33mtrack\tracker.js[39m) - [32mConnected to database ![39m
[34m2019-07-17 11:09:23.726[39m - [[4m[1m[35mINFO[39m[22m[24m] - ([33mtrack\tracker.js[39m) - [32mConnected to database ![39m
[34m2019-07-17 11:09:35.301[39m - [[4m[1m[35mINFO[39m[22m[24m] - ([33mtrack\tracker.js[39m) - [32mConnected to database ![39m
[34m2019-07-17 11:09:36.601[39m - [[4m[1m[35mINFO[39m[22m[24m] - ([33mtrack\tracker.js[39m) - [32mConnected to database ![39m
[34m2019-07-17 11:09:38.423[39m - [[4m[1m[35mINFO[39m[22m[24m] - ([33mtrack\tracker.js[39m) - [32mConnected to database ![39m
[34m2019-07-17 11:09:41.929[39m - [[4m[1m[35mINFO[39m[22m[24m] - ([33mtrack\tracker.js[39m) - [32mConnected to database ![39m
[34m2019-07-17 11:09:46.685[39m - [[4m[1m[35mINFO[39m[22m[24m] - ([33mtrack\tracker.js[39m) - [32mConnected to database ![39m
[34m2019-07-17 11:09:57.625[39m - [[4m[1m[35mINFO[39m[22m[24m] - ([33mtrack\tracker.js[39m) - [32mConnected to database ![39m
[34m2019-07-17 11:09:59.916[39m - [[4m[1m[35mINFO[39m[22m[24m] - ([33mtrack\tracker.js[39m) - [32mConnected to database ![39m
[34m2019-07-17 11:10:02.158[39m - [[4m[1m[35mINFO[39m[22m[24m] - ([33mtrack\tracker.js[39m) - [32mConnected to database ![39m
[34m2019-07-17 11:10:11.769[39m - [[4m[1m[35mINFO[39m[22m[24m] - ([33mtrack\tracker.js[39m) - [32mConnected to database ![39m
[34m2019-07-17 11:10:31.713[39m - [[4m[1m[35mINFO[39m[22m[24m] - ([33mtrack\tracker.js[39m) - [32mConnected to database ![39m
[34m2019-07-17 11:10:39.362[39m - [[4m[1m[35mINFO[39m[22m[24m] - ([33mtrack\tracker.js[39m) - [32mConnected to database ![39m
[34m2019-07-17 11:10:41.550[39m - [[4m[1m[35mINFO[39m[22m[24m] - ([33mtrack\tracker.js[39m) - [32mConnected to database ![39m
[34m2019-07-17 11:10:44.800[39m - [[4m[1m[35mINFO[39m[22m[24m] - ([33mtrack\tracker.js[39m) - [32mConnected to database ![39m
[34m2019-07-17 11:10:50.764[39m - [[4m[1m[35mINFO[39m[22m[24m] - ([33mtrack\tracker.js[39m) - [32mConnected to database ![39m
[34m2019-07-17 11:10:52.235[39m - [[4m[1m[35mINFO[39m[22m[24m] - ([33mtrack\tracker.js[39m) - [32mConnected to database ![39m
[34m2019-07-17 11:10:57.817[39m - [[4m[1m[35mINFO[39m[22m[24m] - ([33mtrack\tracker.js[39m) - [32mConnected to database ![39m
[34m2019-07-17 11:11:01.302[39m - [[4m[1m[35mINFO[39m[22m[24m] - ([33mtrack\tracker.js[39m) - [32mConnected to database ![39m
[34m2019-07-17 11:11:06.900[39m - [[4m[1m[35mINFO[39m[22m[24m] - ([33mtrack\tracker.js[39m) - [32mConnected to database ![39m
[34m2019-07-17 11:11:08.206[39m - [[4m[1m[35mINFO[39m[22m[24m] - ([33mtrack\tracker.js[39m) - [32mConnected to database ![39m
[34m2019-07-17 11:11:20.140[39m - [[4m[1m[35mINFO[39m[22m[24m] - ([33mtrack\tracker.js[39m) - [32mConnected to database ![39m
[34m2019-07-17 11:11:24.321[39m - [[4m[1m[35mINFO[39m[22m[24m] - ([33mtrack\tracker.js[39m) - [32mConnected to database ![39m
[34m2019-07-17 11:11:26.711[39m - [[4m[1m[35mINFO[39m[22m[24m] - ([33mtrack\tracker.js[39m) - [32mConnected to database ![39m
[34m2019-07-17 11:11:27.775[39m - [[4m[1m[35mINFO[39m[22m[24m] - ([33mtrack\tracker.js[39m) - [32mConnected to database ![39m
[34m2019-07-17 11:11:28.837[39m - [[4m[1m[35mINFO[39m[22m[24m] - ([33mtrack\tracker.js[39m) - [32mConnected to database ![39m
[34m2019-07-17 11:11:30.878[39m - [[4m[1m[35mINFO[39m[22m[24m] - ([33mtrack\tracker.js[39m) - [32mConnected to database ![39m
[34m2019-07-17 11:12:04.870[39m - [[4m[1m[35mINFO[39m[22m[24m] - ([33mtrack\tracker.js[39m) - [32mConnected to database ![39m
[34m2019-07-17 11:12:11.765[39m - [[4m[1m[35mINFO[39m[22m[24m] - ([33mtrack\tracker.js[39m) - [32mConnected to database ![39m
[34m2019-07-17 11:12:17.114[39m - [[4m[1m[35mINFO[39m[22m[24m] - ([33mtrack\tracker.js[39m) - [32mConnected to database ![39m
[34m2019-07-17 11:12:19.324[39m - [[4m[1m[35mINFO[39m[22m[24m] - ([33mtrack\tracker.js[39m) - [32mConnected to database ![39m
[34m2019-07-17 11:12:21.581[39m - [[4m[1m[35mINFO[39m[22m[24m] - ([33mtrack\tracker.js[39m) - [32mConnected to database ![39m
[34m2019-07-17 11:12:29.976[39m - [[4m[1m[35mINFO[39m[22m[24m] - ([33mtrack\tracker.js[39m) - [32mConnected to database ![39m
[34m2019-07-17 11:12:31.763[39m - [[4m[1m[35mINFO[39m[22m[24m] - ([33mtrack\tracker.js[39m) - [32mConnected to database ![39m
[34m2019-07-17 11:12:34.540[39m - [[4m[1m[35mINFO[39m[22m[24m] - ([33mtrack\tracker.js[39m) - [32mConnected to database ![39m
[34m2019-07-17 11:12:53.904[39m - [[4m[1m[35mINFO[39m[22m[24m] - ([33mtrack\tracker.js[39m) - [32mConnected to database ![39m
[34m2019-07-17 11:13:44.155[39m - [[4m[1m[35mINFO[39m[22m[24m] - ([33mtrack\tracker.js[39m) - [32mConnected to database ![39m
[34m2019-07-17 11:13:50.515[39m - [[4m[1m[35mINFO[39m[22m[24m] - ([33mtrack\tracker.js[39m) - [32mConnected to database ![39m
[34m2019-07-17 11:13:53.190[39m - [[4m[1m[35mINFO[39m[22m[24m] - ([33mtrack\tracker.js[39m) - [32mConnected to database ![39m
[34m2019-07-17 11:13:54.485[39m - [[4m[1m[35mINFO[39m[22m[24m] - ([33mtrack\tracker.js[39m) - [32mConnected to database ![39m
[34m2019-07-17 11:13:58.501[39m - [[4m[1m[35mINFO[39m[22m[24m] - ([33mtrack\tracker.js[39m) - [32mConnected to database ![39m
[34m2019-07-17 11:13:59.816[39m - [[4m[1m[35mINFO[39m[22m[24m] - ([33mtrack\tracker.js[39m) - [32mConnected to database ![39m
[34m2019-07-17 11:14:06.149[39m - [[4m[1m[35mINFO[39m[22m[24m] - ([33mtrack\tracker.js[39m) - [32mConnected to database ![39m
[34m2019-07-17 11:14:07.588[39m - [[4m[1m[35mINFO[39m[22m[24m] - ([33mtrack\tracker.js[39m) - [32mConnected to database ![39m
[34m2019-07-17 11:14:46.905[39m - [[4m[1m[35mINFO[39m[22m[24m] - ([33mtrack\tracker.js[39m) - [32mConnected to database ![39m
[34m2019-07-17 11:14:48.347[39m - [[4m[1m[35mINFO[39m[22m[24m] - ([33mtrack\tracker.js[39m) - [32mConnected to database ![39m
[34m2019-07-17 11:15:37.449[39m - [[4m[1m[35mINFO[39m[22m[24m] - ([33mtrack\tracker.js[39m) - [32mConnected to database ![39m
[34m2019-07-17 11:16:02.688[39m - [[4m[1m[35mINFO[39m[22m[24m] - ([33mtrack\tracker.js[39m) - [32mConnected to database ![39m
[34m2019-07-17 11:16:07.800[39m - [[4m[1m[35mINFO[39m[22m[24m] - ([33mtrack\tracker.js[39m) - [32mConnected to database ![39m
[34m2019-07-17 11:16:11.810[39m - [[4m[1m[35mINFO[39m[22m[24m] - ([33mtrack\tracker.js[39m) - [32mConnected to database ![39m
[34m2019-07-17 11:16:25.050[39m - [[4m[1m[35mINFO[39m[22m[24m] - ([33mtrack\tracker.js[39m) - [32mConnected to database ![39m
[34m2019-07-17 11:16:30.774[39m - [[4m[1m[35mINFO[39m[22m[24m] - ([33mtrack\tracker.js[39m) - [32mConnected to database ![39m
[34m2019-07-17 11:17:16.513[39m - [[4m[1m[35mINFO[39m[22m[24m] - ([33mtrack\tracker.js[39m) - [32mConnected to database ![39m
[34m2019-07-17 11:17:19.310[39m - [[4m[1m[35mINFO[39m[22m[24m] - ([33mtrack\tracker.js[39m) - [32mConnected to database ![39m
[34m2019-07-17 11:17:20.976[39m - [[4m[1m[35mINFO[39m[22m[24m] - ([33mtrack\tracker.js[39m) - [32mConnected to database ![39m
[34m2019-07-17 11:17:23.376[39m - [[4m[1m[35mINFO[39m[22m[24m] - ([33mtrack\tracker.js[39m) - [32mConnected to database ![39m
[34m2019-07-17 11:17:33.655[39m - [[4m[1m[35mINFO[39m[22m[24m] - ([33mtrack\tracker.js[39m) - [32mConnected to database ![39m
[34m2019-07-17 11:17:35.130[39m - [[4m[1m[35mINFO[39m[22m[24m] - ([33mtrack\tracker.js[39m) - [32mConnected to database ![39m
[34m2019-07-17 11:17:45.985[39m - [[4m[1m[35mINFO[39m[22m[24m] - ([33mtrack\tracker.js[39m) - [32mConnected to database ![39m
[34m2019-07-17 11:17:47.311[39m - [[4m[1m[35mINFO[39m[22m[24m] - ([33mtrack\tracker.js[39m) - [32mConnected to database ![39m
[34m2019-07-17 11:17:58.130[39m - [[4m[1m[35mINFO[39m[22m[24m] - ([33mtrack\tracker.js[39m) - [32mConnected to database ![39m
[34m2019-07-17 11:18:15.468[39m - [[4m[1m[35mINFO[39m[22m[24m] - ([33mtrack\tracker.js[39m) - [32mConnected to database ![39m
[34m2019-07-17 11:18:18.754[39m - [[4m[1m[35mINFO[39m[22m[24m] - ([33mtrack\tracker.js[39m) - [32mConnected to database ![39m
[34m2019-07-17 11:18:29.403[39m - [[4m[1m[35mINFO[39m[22m[24m] - ([33mtrack\tracker.js[39m) - [32mConnected to database ![39m
[34m2019-07-17 11:18:46.218[39m - [[4m[1m[35mINFO[39m[22m[24m] - ([33mtrack\tracker.js[39m) - [32mConnected to database ![39m
[34m2019-07-17 11:18:47.505[39m - [[4m[1m[35mINFO[39m[22m[24m] - ([33mtrack\tracker.js[39m) - [32mConnected to database ![39m
[34m2019-07-17 11:18:49.894[39m - [[4m[1m[35mINFO[39m[22m[24m] - ([33mtrack\tracker.js[39m) - [32mConnected to database ![39m
[34m2019-07-17 11:18:54.150[39m - [[4m[1m[35mINFO[39m[22m[24m] - ([33mtrack\tracker.js[39m) - [32mConnected to database ![39m
[34m2019-07-17 11:18:58.846[39m - [[4m[1m[35mINFO[39m[22m[24m] - ([33mtrack\tracker.js[39m) - [32mConnected to database ![39m
[34m2019-07-17 11:19:00.805[39m - [[4m[1m[35mINFO[39m[22m[24m] - ([33mtrack\tracker.js[39m) - [32mConnected to database ![39m
[34m2019-07-17 11:19:48.477[39m - [[4m[1m[35mINFO[39m[22m[24m] - ([33mtrack\tracker.js[39m) - [32mConnected to database ![39m
[34m2019-07-17 11:20:03.512[39m - [[4m[1m[35mINFO[39m[22m[24m] - ([33mtrack\tracker.js[39m) - [32mConnected to database ![39m
[34m2019-07-17 11:20:17.874[39m - [[4m[1m[35mINFO[39m[22m[24m] - ([33mtrack\tracker.js[39m) - [32mConnected to database ![39m
[34m2019-07-17 11:20:22.054[39m - [[4m[1m[35mINFO[39m[22m[24m] - ([33mtrack\tracker.js[39m) - [32mConnected to database ![39m
[34m2019-07-17 11:20:26.001[39m - [[4m[1m[35mINFO[39m[22m[24m] - ([33mtrack\tracker.js[39m) - [32mConnected to database ![39m
[34m2019-07-17 11:20:27.349[39m - [[4m[1m[35mINFO[39m[22m[24m] - ([33mtrack\tracker.js[39m) - [32mConnected to database ![39m
[34m2019-07-17 11:20:42.038[39m - [[4m[1m[35mINFO[39m[22m[24m] - ([33mtrack\tracker.js[39m) - [32mConnected to database ![39m
[34m2019-07-17 11:20:45.124[39m - [[4m[1m[35mINFO[39m[22m[24m] - ([33mtrack\tracker.js[39m) - [32mConnected to database ![39m
[34m2019-07-17 11:20:54.612[39m - [[4m[1m[35mINFO[39m[22m[24m] - ([33mtrack\tracker.js[39m) - [32mConnected to database ![39m
[34m2019-07-17 11:21:04.918[39m - [[4m[1m[35mINFO[39m[22m[24m] - ([33mtrack\tracker.js[39m) - [32mConnected to database ![39m
[34m2019-07-17 11:21:09.249[39m - [[4m[1m[35mINFO[39m[22m[24m] - ([33mtrack\tracker.js[39m) - [32mConnected to database ![39m
[34m2019-07-17 11:21:16.417[39m - [[4m[1m[35mINFO[39m[22m[24m] - ([33mtrack\tracker.js[39m) - [32mConnected to database ![39m
[34m2019-07-17 11:21:18.512[39m - [[4m[1m[35mINFO[39m[22m[24m] - ([33mtrack\tracker.js[39m) - [32mConnected to database ![39m
[34m2019-07-17 11:21:22.401[39m - [[4m[1m[35mINFO[39m[22m[24m] - ([33mtrack\tracker.js[39m) - [32mConnected to database ![39m
[34m2019-07-17 11:21:25.422[39m - [[4m[1m[35mINFO[39m[22m[24m] - ([33mtrack\tracker.js[39m) - [32mConnected to database ![39m
[34m2019-07-17 11:21:32.444[39m - [[4m[1m[35mINFO[39m[22m[24m] - ([33mtrack\tracker.js[39m) - [32mConnected to database ![39m
[34m2019-07-17 11:21:39.547[39m - [[4m[1m[35mINFO[39m[22m[24m] - ([33mtrack\tracker.js[39m) - [32mConnected to database ![39m
[34m2019-07-17 11:21:44.754[39m - [[4m[1m[35mINFO[39m[22m[24m] - ([33mtrack\tracker.js[39m) - [32mConnected to database ![39m
[34m2019-07-17 11:21:47.402[39m - [[4m[1m[35mINFO[39m[22m[24m] - ([33mtrack\tracker.js[39m) - [32mConnected to database ![39m
[34m2019-07-17 11:21:53.140[39m - [[4m[1m[35mINFO[39m[22m[24m] - ([33mtrack\tracker.js[39m) - [32mConnected to database ![39m
[34m2019-07-17 11:22:02.172[39m - [[4m[1m[35mINFO[39m[22m[24m] - ([33mtrack\tracker.js[39m) - [32mConnected to database ![39m
[34m2019-07-17 11:23:53.907[39m - [[4m[1m[35mINFO[39m[22m[24m] - ([33mtrack\tracker.js[39m) - [32mConnected to database ![39m
[34m2019-07-17 11:23:55.231[39m - [[4m[1m[35mINFO[39m[22m[24m] - ([33mtrack\tracker.js[39m) - [32mConnected to database ![39m
[34m2019-07-17 11:24:13.231[39m - [[4m[1m[35mINFO[39m[22m[24m] - ([33mtrack\tracker.js[39m) - [32mConnected to database ![39m
[34m2019-07-17 11:24:16.285[39m - [[4m[1m[35mINFO[39m[22m[24m] - ([33mtrack\tracker.js[39m) - [32mConnected to database ![39m
[34m2019-07-17 11:24:21.541[39m - [[4m[1m[35mINFO[39m[22m[24m] - ([33mtrack\tracker.js[39m) - [32mConnected to database ![39m
[34m2019-07-17 11:24:26.071[39m - [[4m[1m[35mINFO[39m[22m[24m] - ([33mtrack\tracker.js[39m) - [32mConnected to database ![39m
[34m2019-07-17 11:24:31.626[39m - [[4m[1m[35mINFO[39m[22m[24m] - ([33mtrack\tracker.js[39m) - [32mConnected to database ![39m
[34m2019-07-17 11:24:33.109[39m - [[4m[1m[35mINFO[39m[22m[24m] - ([33mtrack\tracker.js[39m) - [32mConnected to database ![39m
[34m2019-07-17 11:24:34.255[39m - [[4m[1m[35mINFO[39m[22m[24m] - ([33mtrack\tracker.js[39m) - [32mConnected to database ![39m
[34m2019-07-17 11:24:36.633[39m - [[4m[1m[35mINFO[39m[22m[24m] - ([33mtrack\tracker.js[39m) - [32mConnected to database ![39m
[34m2019-07-17 11:24:38.047[39m - [[4m[1m[35mINFO[39m[22m[24m] - ([33mtrack\tracker.js[39m) - [32mConnected to database ![39m
[34m2019-07-17 11:24:42.164[39m - [[4m[1m[35mINFO[39m[22m[24m] - ([33mtrack\tracker.js[39m) - [32mConnected to database ![39m
[34m2019-07-17 11:24:45.475[39m - [[4m[1m[35mINFO[39m[22m[24m] - ([33mtrack\tracker.js[39m) - [32mConnected to database ![39m
[34m2019-07-17 11:24:53.293[39m - [[4m[1m[35mINFO[39m[22m[24m] - ([33mtrack\tracker.js[39m) - [32mConnected to database ![39m
[34m2019-07-17 11:24:56.362[39m - [[4m[1m[35mINFO[39m[22m[24m] - ([33mtrack\tracker.js[39m) - [32mConnected to database ![39m
[34m2019-07-17 11:24:58.685[39m - [[4m[1m[35mINFO[39m[22m[24m] - ([33mtrack\tracker.js[39m) - [32mConnected to database ![39m
[34m2019-07-17 11:25:00.275[39m - [[4m[1m[35mINFO[39m[22m[24m] - ([33mtrack\tracker.js[39m) - [32mConnected to database ![39m
[34m2019-07-17 11:25:02.166[39m - [[4m[1m[35mINFO[39m[22m[24m] - ([33mtrack\tracker.js[39m) - [32mConnected to database ![39m
[34m2019-07-17 11:25:06.102[39m - [[4m[1m[35mINFO[39m[22m[24m] - ([33mtrack\tracker.js[39m) - [32mConnected to database ![39m
[34m2019-07-17 11:25:08.275[39m - [[4m[1m[35mINFO[39m[22m[24m] - ([33mtrack\tracker.js[39m) - [32mConnected to database ![39m
[34m2019-07-17 11:25:10.800[39m - [[4m[1m[35mINFO[39m[22m[24m] - ([33mtrack\tracker.js[39m) - [32mConnected to database ![39m
[34m2019-07-17 11:25:14.577[39m - [[4m[1m[35mINFO[39m[22m[24m] - ([33mtrack\tracker.js[39m) - [32mConnected to database ![39m
[34m2019-07-17 11:25:23.321[39m - [[4m[1m[35mINFO[39m[22m[24m] - ([33mtrack\tracker.js[39m) - [32mConnected to database ![39m
[34m2019-07-17 11:25:25.812[39m - [[4m[1m[35mINFO[39m[22m[24m] - ([33mtrack\tracker.js[39m) - [32mConnected to database ![39m
[34m2019-07-17 11:25:34.425[39m - [[4m[1m[35mINFO[39m[22m[24m] - ([33mtrack\tracker.js[39m) - [32mConnected to database ![39m
[34m2019-07-17 11:25:37.653[39m - [[4m[1m[35mINFO[39m[22m[24m] - ([33mtrack\tracker.js[39m) - [32mConnected to database ![39m
[34m2019-07-17 11:25:47.132[39m - [[4m[1m[35mINFO[39m[22m[24m] - ([33mtrack\tracker.js[39m) - [32mConnected to database ![39m
[34m2019-07-17 11:25:56.537[39m - [[4m[1m[35mINFO[39m[22m[24m] - ([33mtrack\tracker.js[39m) - [32mConnected to database ![39m
[34m2019-07-17 11:25:58.099[39m - [[4m[1m[35mINFO[39m[22m[24m] - ([33mtrack\tracker.js[39m) - [32mConnected to database ![39m
[34m2019-07-17 11:26:28.474[39m - [[4m[1m[35mINFO[39m[22m[24m] - ([33mtrack\tracker.js[39m) - [32mConnected to database ![39m
[34m2019-07-17 11:26:31.298[39m - [[4m[1m[35mINFO[39m[22m[24m] - ([33mtrack\tracker.js[39m) - [32mConnected to database ![39m
[34m2019-07-17 11:26:40.001[39m - [[4m[1m[35mINFO[39m[22m[24m] - ([33mtrack\tracker.js[39m) - [32mConnected to database ![39m
[34m2019-07-17 11:26:44.017[39m - [[4m[1m[35mINFO[39m[22m[24m] - ([33mtrack\tracker.js[39m) - [32mConnected to database ![39m
[34m2019-07-17 11:26:53.499[39m - [[4m[1m[35mINFO[39m[22m[24m] - ([33mtrack\tracker.js[39m) - [32mConnected to database ![39m
[34m2019-07-17 11:26:56.006[39m - [[4m[1m[35mINFO[39m[22m[24m] - ([33mtrack\tracker.js[39m) - [32mConnected to database ![39m
[34m2019-07-17 11:27:02.929[39m - [[4m[1m[35mINFO[39m[22m[24m] - ([33mtrack\tracker.js[39m) - [32mConnected to database ![39m
[34m2019-07-17 11:27:10.663[39m - [[4m[1m[35mINFO[39m[22m[24m] - ([33mtrack\tracker.js[39m) - [32mConnected to database ![39m
[34m2019-07-17 11:27:17.373[39m - [[4m[1m[35mINFO[39m[22m[24m] - ([33mtrack\tracker.js[39m) - [32mConnected to database ![39m
[34m2019-07-17 11:27:18.531[39m - [[4m[1m[35mINFO[39m[22m[24m] - ([33mtrack\tracker.js[39m) - [32mConnected to database ![39m
[34m2019-07-17 11:27:25.161[39m - [[4m[1m[35mINFO[39m[22m[24m] - ([33mtrack\tracker.js[39m) - [32mConnected to database ![39m
[34m2019-07-17 11:27:29.904[39m - [[4m[1m[35mINFO[39m[22m[24m] - ([33mtrack\tracker.js[39m) - [32mConnected to database ![39m
[34m2019-07-17 11:27:37.620[39m - [[4m[1m[35mINFO[39m[22m[24m] - ([33mtrack\tracker.js[39m) - [32mConnected to database ![39m
[34m2019-07-17 11:27:41.753[39m - [[4m[1m[35mINFO[39m[22m[24m] - ([33mtrack\tracker.js[39m) - [32mConnected to database ![39m
[34m2019-07-17 11:27:45.083[39m - [[4m[1m[35mINFO[39m[22m[24m] - ([33mtrack\tracker.js[39m) - [32mConnected to database ![39m
[34m2019-07-17 11:27:48.812[39m - [[4m[1m[35mINFO[39m[22m[24m] - ([33mtrack\tracker.js[39m) - [32mConnected to database ![39m
[34m2019-07-17 11:27:53.060[39m - [[4m[1m[35mINFO[39m[22m[24m] - ([33mtrack\tracker.js[39m) - [32mConnected to database ![39m
[34m2019-07-17 11:27:55.631[39m - [[4m[1m[35mINFO[39m[22m[24m] - ([33mtrack\tracker.js[39m) - [32mConnected to database ![39m
[34m2019-07-17 11:28:06.443[39m - [[4m[1m[35mINFO[39m[22m[24m] - ([33mtrack\tracker.js[39m) - [32mConnected to database ![39m
[34m2019-07-17 11:29:11.783[39m - [[4m[1m[35mINFO[39m[22m[24m] - ([33mtrack\tracker.js[39m) - [32mConnected to database ![39m
[34m2019-07-17 11:29:15.039[39m - [[4m[1m[35mINFO[39m[22m[24m] - ([33mtrack\tracker.js[39m) - [32mConnected to database ![39m
[34m2019-07-17 11:29:19.066[39m - [[4m[1m[35mINFO[39m[22m[24m] - ([33mtrack\tracker.js[39m) - [32mConnected to database ![39m
[34m2019-07-17 11:29:20.748[39m - [[4m[1m[35mINFO[39m[22m[24m] - ([33mtrack\tracker.js[39m) - [32mConnected to database ![39m
[34m2019-07-17 11:29:24.244[39m - [[4m[1m[35mINFO[39m[22m[24m] - ([33mtrack\tracker.js[39m) - [32mConnected to database ![39m
[34m2019-07-17 11:29:34.704[39m - [[4m[1m[35mINFO[39m[22m[24m] - ([33mtrack\tracker.js[39m) - [32mConnected to database ![39m
[34m2019-07-17 11:29:35.860[39m - [[4m[1m[35mINFO[39m[22m[24m] - ([33mtrack\tracker.js[39m) - [32mConnected to database ![39m
[34m2019-07-17 11:29:40.164[39m - [[4m[1m[35mINFO[39m[22m[24m] - ([33mtrack\tracker.js[39m) - [32mConnected to database ![39m
[34m2019-07-17 11:29:41.555[39m - [[4m[1m[35mINFO[39m[22m[24m] - ([33mtrack\tracker.js[39m) - [32mConnected to database ![39m
[34m2019-07-17 11:32:42.525[39m - [[4m[1m[35mINFO[39m[22m[24m] - ([33mtrack\tracker.js[39m) - [32mConnected to database ![39m
[34m2019-07-17 11:32:44.198[39m - [[4m[1m[35mINFO[39m[22m[24m] - ([33mtrack\tracker.js[39m) - [32mConnected to database ![39m
[34m2019-07-17 11:33:07.117[39m - [[4m[1m[35mINFO[39m[22m[24m] - ([33mtrack\tracker.js[39m) - [32mConnected to database ![39m
[34m2019-07-17 11:33:13.872[39m - [[4m[1m[35mINFO[39m[22m[24m] - ([33mtrack\tracker.js[39m) - [32mConnected to database ![39m
[34m2019-07-17 11:33:34.784[39m - [[4m[1m[35mINFO[39m[22m[24m] - ([33mtrack\tracker.js[39m) - [32mConnected to database ![39m
[34m2019-07-17 11:33:38.964[39m - [[4m[1m[35mINFO[39m[22m[24m] - ([33mtrack\tracker.js[39m) - [32mConnected to database ![39m
[34m2019-07-17 11:33:41.713[39m - [[4m[1m[35mINFO[39m[22m[24m] - ([33mtrack\tracker.js[39m) - [32mConnected to database ![39m
[34m2019-07-17 11:33:46.866[39m - [[4m[1m[35mINFO[39m[22m[24m] - ([33mtrack\tracker.js[39m) - [32mConnected to database ![39m
[34m2019-07-17 11:33:48.385[39m - [[4m[1m[35mINFO[39m[22m[24m] - ([33mtrack\tracker.js[39m) - [32mConnected to database ![39m
[34m2019-07-17 11:33:50.602[39m - [[4m[1m[35mINFO[39m[22m[24m] - ([33mtrack\tracker.js[39m) - [32mConnected to database ![39m
[34m2019-07-17 11:33:57.427[39m - [[4m[1m[35mINFO[39m[22m[24m] - ([33mtrack\tracker.js[39m) - [32mConnected to database ![39m
[34m2019-07-17 11:34:01.731[39m - [[4m[1m[35mINFO[39m[22m[24m] - ([33mtrack\tracker.js[39m) - [32mConnected to database ![39m
[34m2019-07-17 11:34:17.422[39m - [[4m[1m[35mINFO[39m[22m[24m] - ([33mtrack\tracker.js[39m) - [32mConnected to database ![39m
[34m2019-07-17 11:34:26.791[39m - [[4m[1m[35mINFO[39m[22m[24m] - ([33mtrack\tracker.js[39m) - [32mConnected to database ![39m
[34m2019-07-17 11:34:27.836[39m - [[4m[1m[35mINFO[39m[22m[24m] - ([33mtrack\tracker.js[39m) - [32mConnected to database ![39m
[34m2019-07-17 11:34:30.155[39m - [[4m[1m[35mINFO[39m[22m[24m] - ([33mtrack\tracker.js[39m) - [32mConnected to database ![39m
[34m2019-07-17 11:34:31.320[39m - [[4m[1m[35mINFO[39m[22m[24m] - ([33mtrack\tracker.js[39m) - [32mConnected to database ![39m
[34m2019-07-17 11:34:33.200[39m - [[4m[1m[35mINFO[39m[22m[24m] - ([33mtrack\tracker.js[39m) - [32mConnected to database ![39m
[34m2019-07-17 11:34:36.650[39m - [[4m[1m[35mINFO[39m[22m[24m] - ([33mtrack\tracker.js[39m) - [32mConnected to database ![39m
[34m2019-07-17 11:35:03.077[39m - [[4m[1m[35mINFO[39m[22m[24m] - ([33mtrack\tracker.js[39m) - [32mConnected to database ![39m
[34m2019-07-17 11:35:23.740[39m - [[4m[1m[35mINFO[39m[22m[24m] - ([33mtrack\tracker.js[39m) - [32mConnected to database ![39m
[34m2019-07-17 11:35:26.262[39m - [[4m[1m[35mINFO[39m[22m[24m] - ([33mtrack\tracker.js[39m) - [32mConnected to database ![39m
[34m2019-07-17 11:35:32.471[39m - [[4m[1m[35mINFO[39m[22m[24m] - ([33mtrack\tracker.js[39m) - [32mConnected to database ![39m
[34m2019-07-17 11:35:34.333[39m - [[4m[1m[35mINFO[39m[22m[24m] - ([33mtrack\tracker.js[39m) - [32mConnected to database ![39m
[34m2019-07-17 11:35:40.706[39m - [[4m[1m[35mINFO[39m[22m[24m] - ([33mtrack\tracker.js[39m) - [32mConnected to database ![39m
[34m2019-07-17 11:35:43.813[39m - [[4m[1m[35mINFO[39m[22m[24m] - ([33mtrack\tracker.js[39m) - [32mConnected to database ![39m
[34m2019-07-17 11:35:49.093[39m - [[4m[1m[35mINFO[39m[22m[24m] - ([33mtrack\tracker.js[39m) - [32mConnected to database ![39m
[34m2019-07-17 11:35:54.957[39m - [[4m[1m[35mINFO[39m[22m[24m] - ([33mtrack\tracker.js[39m) - [32mConnected to database ![39m
[34m2019-07-17 11:36:05.338[39m - [[4m[1m[35mINFO[39m[22m[24m] - ([33mtrack\tracker.js[39m) - [32mConnected to database ![39m
[34m2019-07-17 11:36:15.723[39m - [[4m[1m[35mINFO[39m[22m[24m] - ([33mtrack\tracker.js[39m) - [32mConnected to database ![39m
[34m2019-07-17 11:36:29.191[39m - [[4m[1m[35mINFO[39m[22m[24m] - ([33mtrack\tracker.js[39m) - [32mConnected to database ![39m
[34m2019-07-17 11:36:30.867[39m - [[4m[1m[35mINFO[39m[22m[24m] - ([33mtrack\tracker.js[39m) - [32mConnected to database ![39m
[34m2019-07-17 11:36:35.265[39m - [[4m[1m[35mINFO[39m[22m[24m] - ([33mtrack\tracker.js[39m) - [32mConnected to database ![39m
[34m2019-07-17 11:36:36.240[39m - [[4m[1m[35mINFO[39m[22m[24m] - ([33mtrack\tracker.js[39m) - [32mConnected to database ![39m
[34m2019-07-17 11:36:37.403[39m - [[4m[1m[35mINFO[39m[22m[24m] - ([33mtrack\tracker.js[39m) - [32mConnected to database ![39m
[34m2019-07-17 11:36:38.911[39m - [[4m[1m[35mINFO[39m[22m[24m] - ([33mtrack\tracker.js[39m) - [32mConnected to database ![39m
[34m2019-07-17 11:36:48.474[39m - [[4m[1m[35mINFO[39m[22m[24m] - ([33mtrack\tracker.js[39m) - [32mConnected to database ![39m
[34m2019-07-17 11:36:51.676[39m - [[4m[1m[35mINFO[39m[22m[24m] - ([33mtrack\tracker.js[39m) - [32mConnected to database ![39m
[34m2019-07-17 11:38:43.947[39m - [[4m[1m[35mINFO[39m[22m[24m] - ([33mtrack\tracker.js[39m) - [32mConnected to database ![39m
[34m2019-07-17 11:38:46.791[39m - [[4m[1m[35mINFO[39m[22m[24m] - ([33mtrack\tracker.js[39m) - [32mConnected to database ![39m
[34m2019-07-17 11:40:22.228[39m - [[4m[1m[35mINFO[39m[22m[24m] - ([33mtrack\tracker.js[39m) - [32mConnected to database ![39m
[34m2019-07-17 11:40:24.132[39m - [[4m[1m[35mINFO[39m[22m[24m] - ([33mtrack\tracker.js[39m) - [32mRequest from user received![39m
[34m2019-07-17 11:40:24.133[39m - [[4m[1m[35mINFO[39m[22m[24m] - ([33mtrack\tracker.js[39m) - [32mCreating request start[39m
[34m2019-07-17 11:40:24.133[39m - [[4m[1m[35mINFO[39m[22m[24m] - ([33mtrack\tracker.js[39m) - [32mCreating request end[39m
[34m2019-07-17 11:40:24.134[39m - [[4m[1m[35mINFO[39m[22m[24m] - ([33mtrack\tracker.js[39m) - [32mInsert request to database start[39m
[34m2019-07-17 11:40:24.413[39m - [[4m[1m[35mINFO[39m[22m[24m] - ([33mtrack\tracker.js[39m) - [32mResponse from server![39m
[34m2019-07-17 11:40:24.414[39m - [[4m[1m[35mINFO[39m[22m[24m] - ([33mtrack\tracker.js[39m) - [32mCreating response Json start[39m
[34m2019-07-17 11:40:24.417[39m - [[4m[1m[35mINFO[39m[22m[24m] - ([33mtrack\tracker.js[39m) - [32mCreating response Json end[39m
[34m2019-07-17 11:40:24.418[39m - [[4m[1m[35mINFO[39m[22m[24m] - ([33mtrack\tracker.js[39m) - [32mInsert response to database start[39m
[34m2019-07-17 11:40:24.435[39m - [[4m[1m[35mINFO[39m[22m[24m] - ([33mtrack\tracker.js[39m) - [32mRequest created[39m
[34m2019-07-17 11:40:24.443[39m - [[4m[1m[35mINFO[39m[22m[24m] - ([33mtrack\tracker.js[39m) - [32mResponse created[39m
[34m2019-07-17 11:41:10.167[39m - [[4m[1m[35mINFO[39m[22m[24m] - ([33mtrack\tracker.js[39m) - [32mConnected to database ![39m
[34m2019-07-17 11:41:17.953[39m - [[4m[1m[35mINFO[39m[22m[24m] - ([33mtrack\tracker.js[39m) - [32mConnected to database ![39m
[34m2019-07-17 11:41:26.080[39m - [[4m[1m[35mINFO[39m[22m[24m] - ([33mtrack\tracker.js[39m) - [32mConnected to database ![39m
[34m2019-07-17 11:42:17.474[39m - [[4m[1m[35mINFO[39m[22m[24m] - ([33mtrack\tracker.js[39m) - [32mConnected to database ![39m
[34m2019-07-17 11:42:41.058[39m - [[4m[1m[35mINFO[39m[22m[24m] - ([33mtrack\tracker.js[39m) - [32mConnected to database ![39m
[34m2019-07-17 11:42:47.621[39m - [[4m[1m[35mINFO[39m[22m[24m] - ([33mtrack\tracker.js[39m) - [32mConnected to database ![39m
[34m2019-07-17 11:43:04.059[39m - [[4m[1m[35mINFO[39m[22m[24m] - ([33mtrack\tracker.js[39m) - [32mConnected to database ![39m
[34m2019-07-17 11:43:40.950[39m - [[4m[1m[35mINFO[39m[22m[24m] - ([33mtrack\tracker.js[39m) - [32mConnected to database ![39m
[34m2019-07-17 11:43:42.929[39m - [[4m[1m[35mINFO[39m[22m[24m] - ([33mtrack\tracker.js[39m) - [32mConnected to database ![39m
[34m2019-07-17 11:43:44.135[39m - [[4m[1m[35mINFO[39m[22m[24m] - ([33mtrack\tracker.js[39m) - [32mConnected to database ![39m
[34m2019-07-17 11:43:53.993[39m - [[4m[1m[35mINFO[39m[22m[24m] - ([33mtrack\tracker.js[39m) - [32mConnected to database ![39m
[34m2019-07-17 11:43:59.241[39m - [[4m[1m[35mINFO[39m[22m[24m] - ([33mtrack\tracker.js[39m) - [32mConnected to database ![39m
[34m2019-07-17 11:44:11.416[39m - [[4m[1m[35mINFO[39m[22m[24m] - ([33mtrack\tracker.js[39m) - [32mConnected to database ![39m
[34m2019-07-17 11:44:19.359[39m - [[4m[1m[35mINFO[39m[22m[24m] - ([33mtrack\tracker.js[39m) - [32mConnected to database ![39m
[34m2019-07-17 11:44:21.819[39m - [[4m[1m[35mINFO[39m[22m[24m] - ([33mtrack\tracker.js[39m) - [32mConnected to database ![39m
[34m2019-07-17 11:44:25.459[39m - [[4m[1m[35mINFO[39m[22m[24m] - ([33mtrack\tracker.js[39m) - [32mConnected to database ![39m
[34m2019-07-17 11:44:26.769[39m - [[4m[1m[35mINFO[39m[22m[24m] - ([33mtrack\tracker.js[39m) - [32mConnected to database ![39m
[34m2019-07-17 11:44:29.545[39m - [[4m[1m[35mINFO[39m[22m[24m] - ([33mtrack\tracker.js[39m) - [32mConnected to database ![39m
[34m2019-07-17 11:44:34.503[39m - [[4m[1m[35mINFO[39m[22m[24m] - ([33mtrack\tracker.js[39m) - [32mConnected to database ![39m
[34m2019-07-17 11:44:37.513[39m - [[4m[1m[35mINFO[39m[22m[24m] - ([33mtrack\tracker.js[39m) - [32mConnected to database ![39m
[34m2019-07-17 11:44:39.657[39m - [[4m[1m[35mINFO[39m[22m[24m] - ([33mtrack\tracker.js[39m) - [32mConnected to database ![39m
[34m2019-07-17 11:44:43.312[39m - [[4m[1m[35mINFO[39m[22m[24m] - ([33mtrack\tracker.js[39m) - [32mConnected to database ![39m
[34m2019-07-17 11:44:45.913[39m - [[4m[1m[35mINFO[39m[22m[24m] - ([33mtrack\tracker.js[39m) - [32mConnected to database ![39m
[34m2019-07-17 11:44:47.671[39m - [[4m[1m[35mINFO[39m[22m[24m] - ([33mtrack\tracker.js[39m) - [32mConnected to database ![39m
[34m2019-07-17 11:45:17.514[39m - [[4m[1m[35mINFO[39m[22m[24m] - ([33mtrack\tracker.js[39m) - [32mConnected to database ![39m
[34m2019-07-17 11:45:29.587[39m - [[4m[1m[35mINFO[39m[22m[24m] - ([33mtrack\tracker.js[39m) - [32mConnected to database ![39m
[34m2019-07-17 11:45:34.559[39m - [[4m[1m[35mINFO[39m[22m[24m] - ([33mtrack\tracker.js[39m) - [32mConnected to database ![39m
[34m2019-07-17 11:46:20.564[39m - [[4m[1m[35mINFO[39m[22m[24m] - ([33mtrack\tracker.js[39m) - [32mConnected to database ![39m
[34m2019-07-17 11:46:39.699[39m - [[4m[1m[35mINFO[39m[22m[24m] - ([33mtrack\tracker.js[39m) - [32mRequest from user received![39m
[34m2019-07-17 11:46:39.701[39m - [[4m[1m[35mINFO[39m[22m[24m] - ([33mtrack\tracker.js[39m) - [32mCreating request start[39m
[34m2019-07-17 11:46:39.719[39m - [[4m[1m[35mINFO[39m[22m[24m] - ([33mtrack\tracker.js[39m) - [32mCreating request end[39m
[34m2019-07-17 11:46:39.719[39m - [[4m[1m[35mINFO[39m[22m[24m] - ([33mtrack\tracker.js[39m) - [32mInsert request to database start[39m
[34m2019-07-17 11:46:40.003[39m - [[4m[1m[35mINFO[39m[22m[24m] - ([33mtrack\tracker.js[39m) - [32mResponse from server![39m
[34m2019-07-17 11:46:40.004[39m - [[4m[1m[35mINFO[39m[22m[24m] - ([33mtrack\tracker.js[39m) - [32mCreating response Json start[39m
[34m2019-07-17 11:46:40.007[39m - [[4m[1m[35mINFO[39m[22m[24m] - ([33mtrack\tracker.js[39m) - [32mCreating response Json end[39m
[34m2019-07-17 11:46:40.007[39m - [[4m[1m[35mINFO[39m[22m[24m] - ([33mtrack\tracker.js[39m) - [32mInsert response to database start[39m
[34m2019-07-17 11:46:40.021[39m - [[4m[1m[35mINFO[39m[22m[24m] - ([33mtrack\tracker.js[39m) - [32mRequest created[39m
[34m2019-07-17 11:46:40.028[39m - [[4m[1m[35mINFO[39m[22m[24m] - ([33mtrack\tracker.js[39m) - [32mResponse created[39m
[34m2019-07-17 12:42:26.457[39m - [[4m[1m[35mINFO[39m[22m[24m] - ([33mtrack\tracker.js[39m) - [32mConnected to database ![39m
[34m2019-07-17 12:42:30.813[39m - [[4m[1m[35mINFO[39m[22m[24m] - ([33mtrack\tracker.js[39m) - [32mConnected to database ![39m
[34m2019-07-17 12:42:41.499[39m - [[4m[1m[35mINFO[39m[22m[24m] - ([33mtrack\tracker.js[39m) - [32mConnected to database ![39m
